Using pre-set license
Built from '2021.3/staging' branch; Version is '2021.3.18f1 (3129e69bc0c7) revision 3221990'; Using compiler version '192829333'; Build Type 'Release'
OS: 'Windows 11  (10.0.22621) 64bit Core' Language: 'es' Physical Memory: 32616 MB
BatchMode: 1, IsHumanControllingUs: 0, StartBugReporterOnCrash: 0, Is64bit: 1, IsPro: 1

COMMAND LINE ARGUMENTS:
C:\Program Files\Unity\Hub\Editor\2021.3.18f1\Editor\Unity.exe
-adb2
-batchMode
-noUpm
-name
AssetImportWorker0
-projectPath
C:/Users/lumij/Documents/Segundo_Prg/AutoBattle_Motores/AutobattleV2
-logFile
Logs/AssetImportWorker0.log
-srvPort
60719
Successfully changed project path to: C:/Users/lumij/Documents/Segundo_Prg/AutoBattle_Motores/AutobattleV2
C:/Users/lumij/Documents/Segundo_Prg/AutoBattle_Motores/AutobattleV2
[UnityMemory] Configuration Parameters - Can be set up in boot.config
    "memorysetup-bucket-allocator-granularity=16"
    "memorysetup-bucket-allocator-bucket-count=8"
    "memorysetup-bucket-allocator-block-size=33554432"
    "memorysetup-bucket-allocator-block-count=8"
    "memorysetup-main-allocator-block-size=16777216"
    "memorysetup-thread-allocator-block-size=16777216"
    "memorysetup-gfx-main-allocator-block-size=16777216"
    "memorysetup-gfx-thread-allocator-block-size=16777216"
    "memorysetup-cache-allocator-block-size=4194304"
    "memorysetup-typetree-allocator-block-size=2097152"
    "memorysetup-profiler-bucket-allocator-granularity=16"
    "memorysetup-profiler-bucket-allocator-bucket-count=8"
    "memorysetup-profiler-bucket-allocator-block-size=33554432"
    "memorysetup-profiler-bucket-allocator-block-count=8"
    "memorysetup-profiler-allocator-block-size=16777216"
    "memorysetup-profiler-editor-allocator-block-size=1048576"
    "memorysetup-temp-allocator-size-main=16777216"
    "memorysetup-job-temp-allocator-block-size=2097152"
    "memorysetup-job-temp-allocator-block-size-background=1048576"
    "memorysetup-job-temp-allocator-reduction-small-platforms=262144"
    "memorysetup-temp-allocator-size-background-worker=32768"
    "memorysetup-temp-allocator-size-job-worker=262144"
    "memorysetup-temp-allocator-size-preload-manager=33554432"
    "memorysetup-temp-allocator-size-nav-mesh-worker=65536"
    "memorysetup-temp-allocator-size-audio-worker=65536"
    "memorysetup-temp-allocator-size-cloud-worker=32768"
    "memorysetup-temp-allocator-size-gi-baking-worker=262144"
    "memorysetup-temp-allocator-size-gfx=262144"
Player connection [7684] Host "[IP] 192.168.1.199 [Port] 0 [Flags] 2 [Guid] 537611450 [EditorId] 537611450 [Version] 1048832 [Id] WindowsEditor(7,PC-Luismi) [Debug] 1 [PackageName] WindowsEditor [ProjectName] Editor" joined multi-casting on [225.0.0.222:54997]...

Player connection [7684] Host "[IP] 192.168.1.199 [Port] 0 [Flags] 2 [Guid] 537611450 [EditorId] 537611450 [Version] 1048832 [Id] WindowsEditor(7,PC-Luismi) [Debug] 1 [PackageName] WindowsEditor [ProjectName] Editor" joined alternative multi-casting on [225.0.0.222:34997]...

Refreshing native plugins compatible for Editor in 38.73 ms, found 3 plugins.
Preloading 0 native plugins for Editor in 0.00 ms.
Initialize engine version: 2021.3.18f1 (3129e69bc0c7)
[Subsystems] Discovering subsystems at path C:/Program Files/Unity/Hub/Editor/2021.3.18f1/Editor/Data/Resources/UnitySubsystems
[Subsystems] Discovering subsystems at path C:/Users/lumij/Documents/Segundo_Prg/AutoBattle_Motores/AutobattleV2/Assets
GfxDevice: creating device client; threaded=0; jobified=0
Direct3D:
    Version:  Direct3D 11.0 [level 11.1]
    Renderer: NVIDIA GeForce RTX 4080 (ID=0x2704)
    Vendor:   NVIDIA
    VRAM:     16064 MB
    Driver:   31.0.15.3699
Initialize mono
Mono path[0] = 'C:/Program Files/Unity/Hub/Editor/2021.3.18f1/Editor/Data/Managed'
Mono path[1] = 'C:/Program Files/Unity/Hub/Editor/2021.3.18f1/Editor/Data/MonoBleedingEdge/lib/mono/unityjit-win32'
Mono config path = 'C:/Program Files/Unity/Hub/Editor/2021.3.18f1/Editor/Data/MonoBleedingEdge/etc'
Using monoOptions --debugger-agent=transport=dt_socket,embedding=1,server=y,suspend=n,address=127.0.0.1:56100
Begin MonoManager ReloadAssembly
Registering precompiled unity dll's ...
Register platform support module: C:/Program Files/Unity/Hub/Editor/2021.3.18f1/Editor/Data/PlaybackEngines/WindowsStandaloneSupport/UnityEditor.WindowsStandalone.Extensions.dll
Registered in 0.003366 seconds.
Native extension for WindowsStandalone target not found
Refreshing native plugins compatible for Editor in 39.04 ms, found 3 plugins.
Preloading 0 native plugins for Editor in 0.00 ms.
Mono: successfully reloaded assembly
- Completed reload, in  0.343 seconds
Domain Reload Profiling:
	ReloadAssembly (343ms)
		BeginReloadAssembly (41ms)
			ExecutionOrderSort (0ms)
			DisableScriptedObjects (0ms)
			BackupInstance (0ms)
			ReleaseScriptingObjects (0ms)
			CreateAndSetChildDomain (0ms)
		EndReloadAssembly (242ms)
			LoadAssemblies (40ms)
			RebuildTransferFunctionScriptingTraits (0ms)
			SetupTypeCache (59ms)
			ReleaseScriptCaches (0ms)
			RebuildScriptCaches (16ms)
			SetupLoadedEditorAssemblies (139ms)
				LogAssemblyErrors (0ms)
				InitializePlatformSupportModulesInManaged (5ms)
				SetLoadedEditorAssemblies (0ms)
				RefreshPlugins (39ms)
				BeforeProcessingInitializeOnLoad (1ms)
				ProcessInitializeOnLoadAttributes (68ms)
				ProcessInitializeOnLoadMethodAttributes (26ms)
				AfterProcessingInitializeOnLoad (0ms)
				EditorAssembliesLoaded (0ms)
			ExecutionOrderSort2 (0ms)
			AwakeInstancesAfterBackupRestoration (0ms)
Platform modules already initialized, skipping
Registering precompiled user dll's ...
Registered in 0.003102 seconds.
Begin MonoManager ReloadAssembly
Symbol file LoadedFromMemory doesn't match image C:\Users\lumij\Documents\Segundo_Prg\AutoBattle_Motores\AutobattleV2\Library\PackageCache\com.unity.visualscripting@1.8.0\Editor\VisualScripting.Core\Dependencies\YamlDotNet\Unity.VisualScripting.YamlDotNet.dll
Symbol file LoadedFromMemory doesn't match image C:\Users\lumij\Documents\Segundo_Prg\AutoBattle_Motores\AutobattleV2\Library\PackageCache\com.unity.visualscripting@1.8.0\Editor\VisualScripting.Core\Dependencies\DotNetZip\Unity.VisualScripting.IonicZip.dll
Native extension for WindowsStandalone target not found
Refreshing native plugins compatible for Editor in 0.38 ms, found 3 plugins.
Preloading 0 native plugins for Editor in 0.00 ms.
Mono: successfully reloaded assembly
- Completed reload, in  0.539 seconds
Domain Reload Profiling:
	ReloadAssembly (540ms)
		BeginReloadAssembly (62ms)
			ExecutionOrderSort (0ms)
			DisableScriptedObjects (3ms)
			BackupInstance (0ms)
			ReleaseScriptingObjects (0ms)
			CreateAndSetChildDomain (11ms)
		EndReloadAssembly (412ms)
			LoadAssemblies (47ms)
			RebuildTransferFunctionScriptingTraits (0ms)
			SetupTypeCache (137ms)
			ReleaseScriptCaches (0ms)
			RebuildScriptCaches (25ms)
			SetupLoadedEditorAssemblies (181ms)
				LogAssemblyErrors (0ms)
				InitializePlatformSupportModulesInManaged (3ms)
				SetLoadedEditorAssemblies (0ms)
				RefreshPlugins (0ms)
				BeforeProcessingInitializeOnLoad (44ms)
				ProcessInitializeOnLoadAttributes (115ms)
				ProcessInitializeOnLoadMethodAttributes (12ms)
				AfterProcessingInitializeOnLoad (5ms)
				EditorAssembliesLoaded (0ms)
			ExecutionOrderSort2 (0ms)
			AwakeInstancesAfterBackupRestoration (4ms)
Platform modules already initialized, skipping
========================================================================
Worker process is ready to serve import requests
Launched and connected shader compiler UnityShaderCompiler.exe after 0.03 seconds
Refreshing native plugins compatible for Editor in 0.37 ms, found 3 plugins.
Preloading 0 native plugins for Editor in 0.00 ms.
Unloading 3048 Unused Serialized files (Serialized files now loaded: 0)
Unloading 24 unused Assets / (113.4 KB). Loaded Objects now: 3508.
Memory consumption went from 107.5 MB to 107.3 MB.
Total: 1.896800 ms (FindLiveObjects: 0.147500 ms CreateObjectMapping: 0.041600 ms MarkObjects: 1.624900 ms  DeleteObjects: 0.082000 ms)

AssetImportParameters requested are different than current active one (requested -> active):
  custom:video-decoder-ogg-theora: a1e56fd34408186e4bbccfd4996cb3dc -> 
  custom:container-muxer-webm: aa71ff27fc2769a1b78a27578f13a17b -> 
  custom:container-demuxer-webm: 4f35f7cbe854078d1ac9338744f61a02 -> 
  custom:video-encoder-webm-vp8: eb34c28f22e8b96e1ab97ce403110664 -> 
  custom:video-codec-MediaFoundation-h265: 746d11721c4dcdbdad8f713fa42b33f4 -> 
  custom:audio-encoder-webm-vorbis: bf7c407c2cedff20999df2af8eb42d56 -> 
  custom:framework-win-MediaFoundation: 216162199b28c13a410421893ffa2e32 -> 
  custom:container-demuxer-ogg: 62fdf1f143b41e24485cea50d1cbac27 -> 
  custom:video-decoder-webm-vp8: 9c59270c3fd7afecdb556c50c9e8de78 -> 
  custom:audio-decoder-ogg-vorbis: bf7c407c2cedff20999df2af8eb42d56 -> 
========================================================================
Received Import Request.
  Time since last request: 959779.377879 seconds.
  path: Assets
  artifactKey: Guid(00000000000000001000000000000000) Importer(815301076,1909f56bfc062723c751e8b465ee728b)
Start importing Assets using Guid(00000000000000001000000000000000) Importer(815301076,1909f56bfc062723c751e8b465ee728b)  -> (artifact id: '79842766b460edbeab6a34051e857a80') in 0.010293 seconds 
========================================================================
Received Import Request.
  Time since last request: 20.706465 seconds.
  path: Assets/New Folder
  artifactKey: Guid(40c0cdc23b1f8394e83a86f80d5b7031) Importer(815301076,1909f56bfc062723c751e8b465ee728b)
Start importing Assets/New Folder using Guid(40c0cdc23b1f8394e83a86f80d5b7031) Importer(815301076,1909f56bfc062723c751e8b465ee728b)  -> (artifact id: '39fd16b42f9097859ed311a5ab3f4686') in 0.016247 seconds 
========================================================================
Received Import Request.
  Time since last request: 14.609448 seconds.
  path: Assets/FrameWork
  artifactKey: Guid(40c0cdc23b1f8394e83a86f80d5b7031) Importer(815301076,1909f56bfc062723c751e8b465ee728b)
Start importing Assets/FrameWork using Guid(40c0cdc23b1f8394e83a86f80d5b7031) Importer(815301076,1909f56bfc062723c751e8b465ee728b)  -> (artifact id: '03e2f87fb955881053e90580ac9337d2') in 0.006856 seconds 
========================================================================
Received Import Request.
  Time since last request: 10.334408 seconds.
  path: Assets/FrameWork/MainScript.cs
  artifactKey: Guid(93c8cabb7dc38fb48b9b91a1282eac70) Importer(815301076,1909f56bfc062723c751e8b465ee728b)
Start importing Assets/FrameWork/MainScript.cs using Guid(93c8cabb7dc38fb48b9b91a1282eac70) Importer(815301076,1909f56bfc062723c751e8b465ee728b)  -> (artifact id: '474137e94cbc3d0cabbfc9338ef96264') in 0.026256 seconds 
========================================================================
Received Prepare
Registering precompiled user dll's ...
Registered in 0.003046 seconds.
Begin MonoManager ReloadAssembly
Symbol file LoadedFromMemory doesn't match image C:\Users\lumij\Documents\Segundo_Prg\AutoBattle_Motores\AutobattleV2\Library\PackageCache\com.unity.visualscripting@1.8.0\Editor\VisualScripting.Core\Dependencies\YamlDotNet\Unity.VisualScripting.YamlDotNet.dll
Symbol file LoadedFromMemory doesn't match image C:\Users\lumij\Documents\Segundo_Prg\AutoBattle_Motores\AutobattleV2\Library\PackageCache\com.unity.visualscripting@1.8.0\Editor\VisualScripting.Core\Dependencies\DotNetZip\Unity.VisualScripting.IonicZip.dll
Native extension for WindowsStandalone target not found
Refreshing native plugins compatible for Editor in 0.38 ms, found 3 plugins.
Preloading 0 native plugins for Editor in 0.00 ms.
Mono: successfully reloaded assembly
- Completed reload, in  0.550 seconds
Domain Reload Profiling:
	ReloadAssembly (550ms)
		BeginReloadAssembly (82ms)
			ExecutionOrderSort (0ms)
			DisableScriptedObjects (3ms)
			BackupInstance (0ms)
			ReleaseScriptingObjects (0ms)
			CreateAndSetChildDomain (21ms)
		EndReloadAssembly (409ms)
			LoadAssemblies (49ms)
			RebuildTransferFunctionScriptingTraits (0ms)
			SetupTypeCache (140ms)
			ReleaseScriptCaches (1ms)
			RebuildScriptCaches (23ms)
			SetupLoadedEditorAssemblies (170ms)
				LogAssemblyErrors (0ms)
				InitializePlatformSupportModulesInManaged (8ms)
				SetLoadedEditorAssemblies (0ms)
				RefreshPlugins (0ms)
				BeforeProcessingInitializeOnLoad (36ms)
				ProcessInitializeOnLoadAttributes (110ms)
				ProcessInitializeOnLoadMethodAttributes (10ms)
				AfterProcessingInitializeOnLoad (5ms)
				EditorAssembliesLoaded (0ms)
			ExecutionOrderSort2 (0ms)
			AwakeInstancesAfterBackupRestoration (4ms)
Platform modules already initialized, skipping
Refreshing native plugins compatible for Editor in 0.91 ms, found 3 plugins.
Preloading 0 native plugins for Editor in 0.00 ms.
Unloading 3044 Unused Serialized files (Serialized files now loaded: 0)
Unloading 17 unused Assets / (79.8 KB). Loaded Objects now: 3512.
Memory consumption went from 107.4 MB to 107.3 MB.
Total: 1.607400 ms (FindLiveObjects: 0.135000 ms CreateObjectMapping: 0.036300 ms MarkObjects: 1.386800 ms  DeleteObjects: 0.048600 ms)

AssetImportParameters requested are different than current active one (requested -> active):
  custom:video-decoder-ogg-theora: a1e56fd34408186e4bbccfd4996cb3dc -> 
  custom:container-muxer-webm: aa71ff27fc2769a1b78a27578f13a17b -> 
  custom:container-demuxer-webm: 4f35f7cbe854078d1ac9338744f61a02 -> 
  custom:video-encoder-webm-vp8: eb34c28f22e8b96e1ab97ce403110664 -> 
  custom:video-codec-MediaFoundation-h265: 746d11721c4dcdbdad8f713fa42b33f4 -> 
  custom:audio-encoder-webm-vorbis: bf7c407c2cedff20999df2af8eb42d56 -> 
  custom:framework-win-MediaFoundation: 216162199b28c13a410421893ffa2e32 -> 
  custom:container-demuxer-ogg: 62fdf1f143b41e24485cea50d1cbac27 -> 
  custom:video-decoder-webm-vp8: 9c59270c3fd7afecdb556c50c9e8de78 -> 
  custom:audio-decoder-ogg-vorbis: bf7c407c2cedff20999df2af8eb42d56 -> 
========================================================================
Received Import Request.
  Time since last request: 26.206428 seconds.
  path: Assets/FrameWork/CharacterControler.cs
  artifactKey: Guid(c671346aec44671498b0d004f30cb323) Importer(815301076,1909f56bfc062723c751e8b465ee728b)
Start importing Assets/FrameWork/CharacterControler.cs using Guid(c671346aec44671498b0d004f30cb323) Importer(815301076,1909f56bfc062723c751e8b465ee728b)  -> (artifact id: 'c3b3df451e41d3db8854644de62712fc') in 0.013707 seconds 
========================================================================
Received Prepare
Registering precompiled user dll's ...
Registered in 0.003226 seconds.
Begin MonoManager ReloadAssembly
Symbol file LoadedFromMemory doesn't match image C:\Users\lumij\Documents\Segundo_Prg\AutoBattle_Motores\AutobattleV2\Library\PackageCache\com.unity.visualscripting@1.8.0\Editor\VisualScripting.Core\Dependencies\YamlDotNet\Unity.VisualScripting.YamlDotNet.dll
Symbol file LoadedFromMemory doesn't match image C:\Users\lumij\Documents\Segundo_Prg\AutoBattle_Motores\AutobattleV2\Library\PackageCache\com.unity.visualscripting@1.8.0\Editor\VisualScripting.Core\Dependencies\DotNetZip\Unity.VisualScripting.IonicZip.dll
Native extension for WindowsStandalone target not found
Refreshing native plugins compatible for Editor in 0.35 ms, found 3 plugins.
Preloading 0 native plugins for Editor in 0.00 ms.
Mono: successfully reloaded assembly
- Completed reload, in  0.542 seconds
Domain Reload Profiling:
	ReloadAssembly (542ms)
		BeginReloadAssembly (81ms)
			ExecutionOrderSort (0ms)
			DisableScriptedObjects (3ms)
			BackupInstance (0ms)
			ReleaseScriptingObjects (0ms)
			CreateAndSetChildDomain (20ms)
		EndReloadAssembly (407ms)
			LoadAssemblies (49ms)
			RebuildTransferFunctionScriptingTraits (0ms)
			SetupTypeCache (144ms)
			ReleaseScriptCaches (1ms)
			RebuildScriptCaches (25ms)
			SetupLoadedEditorAssemblies (164ms)
				LogAssemblyErrors (0ms)
				InitializePlatformSupportModulesInManaged (8ms)
				SetLoadedEditorAssemblies (0ms)
				RefreshPlugins (0ms)
				BeforeProcessingInitializeOnLoad (36ms)
				ProcessInitializeOnLoadAttributes (103ms)
				ProcessInitializeOnLoadMethodAttributes (10ms)
				AfterProcessingInitializeOnLoad (5ms)
				EditorAssembliesLoaded (0ms)
			ExecutionOrderSort2 (0ms)
			AwakeInstancesAfterBackupRestoration (4ms)
Platform modules already initialized, skipping
Refreshing native plugins compatible for Editor in 0.95 ms, found 3 plugins.
Preloading 0 native plugins for Editor in 0.00 ms.
Unloading 3045 Unused Serialized files (Serialized files now loaded: 0)
Unloading 17 unused Assets / (79.9 KB). Loaded Objects now: 3516.
Memory consumption went from 107.4 MB to 107.3 MB.
Total: 1.585900 ms (FindLiveObjects: 0.134500 ms CreateObjectMapping: 0.043100 ms MarkObjects: 1.351900 ms  DeleteObjects: 0.055700 ms)

AssetImportParameters requested are different than current active one (requested -> active):
  custom:video-decoder-ogg-theora: a1e56fd34408186e4bbccfd4996cb3dc -> 
  custom:container-muxer-webm: aa71ff27fc2769a1b78a27578f13a17b -> 
  custom:container-demuxer-webm: 4f35f7cbe854078d1ac9338744f61a02 -> 
  custom:video-encoder-webm-vp8: eb34c28f22e8b96e1ab97ce403110664 -> 
  custom:video-codec-MediaFoundation-h265: 746d11721c4dcdbdad8f713fa42b33f4 -> 
  custom:audio-encoder-webm-vorbis: bf7c407c2cedff20999df2af8eb42d56 -> 
  custom:framework-win-MediaFoundation: 216162199b28c13a410421893ffa2e32 -> 
  custom:container-demuxer-ogg: 62fdf1f143b41e24485cea50d1cbac27 -> 
  custom:video-decoder-webm-vp8: 9c59270c3fd7afecdb556c50c9e8de78 -> 
  custom:audio-decoder-ogg-vorbis: bf7c407c2cedff20999df2af8eb42d56 -> 
========================================================================
Received Prepare
Registering precompiled user dll's ...
Registered in 0.003436 seconds.
Begin MonoManager ReloadAssembly
Symbol file LoadedFromMemory doesn't match image C:\Users\lumij\Documents\Segundo_Prg\AutoBattle_Motores\AutobattleV2\Library\PackageCache\com.unity.visualscripting@1.8.0\Editor\VisualScripting.Core\Dependencies\YamlDotNet\Unity.VisualScripting.YamlDotNet.dll
Symbol file LoadedFromMemory doesn't match image C:\Users\lumij\Documents\Segundo_Prg\AutoBattle_Motores\AutobattleV2\Library\PackageCache\com.unity.visualscripting@1.8.0\Editor\VisualScripting.Core\Dependencies\DotNetZip\Unity.VisualScripting.IonicZip.dll
Native extension for WindowsStandalone target not found
Refreshing native plugins compatible for Editor in 0.32 ms, found 3 plugins.
Preloading 0 native plugins for Editor in 0.00 ms.
Mono: successfully reloaded assembly
- Completed reload, in  0.577 seconds
Domain Reload Profiling:
	ReloadAssembly (578ms)
		BeginReloadAssembly (82ms)
			ExecutionOrderSort (0ms)
			DisableScriptedObjects (3ms)
			BackupInstance (0ms)
			ReleaseScriptingObjects (0ms)
			CreateAndSetChildDomain (20ms)
		EndReloadAssembly (436ms)
			LoadAssemblies (47ms)
			RebuildTransferFunctionScriptingTraits (0ms)
			SetupTypeCache (151ms)
			ReleaseScriptCaches (1ms)
			RebuildScriptCaches (24ms)
			SetupLoadedEditorAssemblies (184ms)
				LogAssemblyErrors (0ms)
				InitializePlatformSupportModulesInManaged (9ms)
				SetLoadedEditorAssemblies (0ms)
				RefreshPlugins (0ms)
				BeforeProcessingInitializeOnLoad (38ms)
				ProcessInitializeOnLoadAttributes (118ms)
				ProcessInitializeOnLoadMethodAttributes (12ms)
				AfterProcessingInitializeOnLoad (6ms)
				EditorAssembliesLoaded (0ms)
			ExecutionOrderSort2 (0ms)
			AwakeInstancesAfterBackupRestoration (5ms)
Platform modules already initialized, skipping
Refreshing native plugins compatible for Editor in 0.91 ms, found 3 plugins.
Preloading 0 native plugins for Editor in 0.00 ms.
Unloading 3045 Unused Serialized files (Serialized files now loaded: 0)
Unloading 17 unused Assets / (79.8 KB). Loaded Objects now: 3519.
Memory consumption went from 107.4 MB to 107.3 MB.
Total: 1.788000 ms (FindLiveObjects: 0.131900 ms CreateObjectMapping: 0.045000 ms MarkObjects: 1.559800 ms  DeleteObjects: 0.050700 ms)

AssetImportParameters requested are different than current active one (requested -> active):
  custom:video-decoder-ogg-theora: a1e56fd34408186e4bbccfd4996cb3dc -> 
  custom:container-muxer-webm: aa71ff27fc2769a1b78a27578f13a17b -> 
  custom:container-demuxer-webm: 4f35f7cbe854078d1ac9338744f61a02 -> 
  custom:video-encoder-webm-vp8: eb34c28f22e8b96e1ab97ce403110664 -> 
  custom:video-codec-MediaFoundation-h265: 746d11721c4dcdbdad8f713fa42b33f4 -> 
  custom:audio-encoder-webm-vorbis: bf7c407c2cedff20999df2af8eb42d56 -> 
  custom:framework-win-MediaFoundation: 216162199b28c13a410421893ffa2e32 -> 
  custom:container-demuxer-ogg: 62fdf1f143b41e24485cea50d1cbac27 -> 
  custom:video-decoder-webm-vp8: 9c59270c3fd7afecdb556c50c9e8de78 -> 
  custom:audio-decoder-ogg-vorbis: bf7c407c2cedff20999df2af8eb42d56 -> 
========================================================================
Received Import Request.
  Time since last request: 174.488089 seconds.
  path: Assets/Inventory
  artifactKey: Guid(cb3f7fdd57c2cb24bb4fd00196ebc444) Importer(815301076,1909f56bfc062723c751e8b465ee728b)
Start importing Assets/Inventory using Guid(cb3f7fdd57c2cb24bb4fd00196ebc444) Importer(815301076,1909f56bfc062723c751e8b465ee728b)  -> (artifact id: 'd9cc0c9ea7982cf2ee4056c0792aeabb') in 0.007965 seconds 
========================================================================
Received Import Request.
  Time since last request: 14.784068 seconds.
  path: Assets/Inventory/Weapon.cs
  artifactKey: Guid(20d9198715bf48549a2135d627806a56) Importer(815301076,1909f56bfc062723c751e8b465ee728b)
Start importing Assets/Inventory/Weapon.cs using Guid(20d9198715bf48549a2135d627806a56) Importer(815301076,1909f56bfc062723c751e8b465ee728b)  -> (artifact id: '8056825402b7ee3dd85ff74f7e0ad208') in 0.010490 seconds 
========================================================================
Received Prepare
Registering precompiled user dll's ...
Registered in 0.002993 seconds.
Begin MonoManager ReloadAssembly
Symbol file LoadedFromMemory doesn't match image C:\Users\lumij\Documents\Segundo_Prg\AutoBattle_Motores\AutobattleV2\Library\PackageCache\com.unity.visualscripting@1.8.0\Editor\VisualScripting.Core\Dependencies\YamlDotNet\Unity.VisualScripting.YamlDotNet.dll
Symbol file LoadedFromMemory doesn't match image C:\Users\lumij\Documents\Segundo_Prg\AutoBattle_Motores\AutobattleV2\Library\PackageCache\com.unity.visualscripting@1.8.0\Editor\VisualScripting.Core\Dependencies\DotNetZip\Unity.VisualScripting.IonicZip.dll
Native extension for WindowsStandalone target not found
Refreshing native plugins compatible for Editor in 0.36 ms, found 3 plugins.
Preloading 0 native plugins for Editor in 0.00 ms.
Mono: successfully reloaded assembly
- Completed reload, in  0.544 seconds
Domain Reload Profiling:
	ReloadAssembly (545ms)
		BeginReloadAssembly (83ms)
			ExecutionOrderSort (0ms)
			DisableScriptedObjects (3ms)
			BackupInstance (0ms)
			ReleaseScriptingObjects (0ms)
			CreateAndSetChildDomain (22ms)
		EndReloadAssembly (403ms)
			LoadAssemblies (50ms)
			RebuildTransferFunctionScriptingTraits (0ms)
			SetupTypeCache (143ms)
			ReleaseScriptCaches (1ms)
			RebuildScriptCaches (25ms)
			SetupLoadedEditorAssemblies (163ms)
				LogAssemblyErrors (0ms)
				InitializePlatformSupportModulesInManaged (8ms)
				SetLoadedEditorAssemblies (0ms)
				RefreshPlugins (0ms)
				BeforeProcessingInitializeOnLoad (37ms)
				ProcessInitializeOnLoadAttributes (102ms)
				ProcessInitializeOnLoadMethodAttributes (10ms)
				AfterProcessingInitializeOnLoad (6ms)
				EditorAssembliesLoaded (0ms)
			ExecutionOrderSort2 (0ms)
			AwakeInstancesAfterBackupRestoration (4ms)
Platform modules already initialized, skipping
Refreshing native plugins compatible for Editor in 0.90 ms, found 3 plugins.
Preloading 0 native plugins for Editor in 0.00 ms.
Unloading 3046 Unused Serialized files (Serialized files now loaded: 0)
Unloading 17 unused Assets / (79.8 KB). Loaded Objects now: 3523.
Memory consumption went from 107.4 MB to 107.4 MB.
Total: 1.746500 ms (FindLiveObjects: 0.124500 ms CreateObjectMapping: 0.037300 ms MarkObjects: 1.536100 ms  DeleteObjects: 0.047800 ms)

AssetImportParameters requested are different than current active one (requested -> active):
  custom:video-decoder-ogg-theora: a1e56fd34408186e4bbccfd4996cb3dc -> 
  custom:container-muxer-webm: aa71ff27fc2769a1b78a27578f13a17b -> 
  custom:container-demuxer-webm: 4f35f7cbe854078d1ac9338744f61a02 -> 
  custom:video-encoder-webm-vp8: eb34c28f22e8b96e1ab97ce403110664 -> 
  custom:video-codec-MediaFoundation-h265: 746d11721c4dcdbdad8f713fa42b33f4 -> 
  custom:audio-encoder-webm-vorbis: bf7c407c2cedff20999df2af8eb42d56 -> 
  custom:framework-win-MediaFoundation: 216162199b28c13a410421893ffa2e32 -> 
  custom:container-demuxer-ogg: 62fdf1f143b41e24485cea50d1cbac27 -> 
  custom:video-decoder-webm-vp8: 9c59270c3fd7afecdb556c50c9e8de78 -> 
  custom:audio-decoder-ogg-vorbis: bf7c407c2cedff20999df2af8eb42d56 -> 
========================================================================
Received Import Request.
  Time since last request: 8.915068 seconds.
  path: Assets/Inventory/Armour.cs
  artifactKey: Guid(dcec2aa945c19754dbce5bd3cf20d448) Importer(815301076,1909f56bfc062723c751e8b465ee728b)
Start importing Assets/Inventory/Armour.cs using Guid(dcec2aa945c19754dbce5bd3cf20d448) Importer(815301076,1909f56bfc062723c751e8b465ee728b)  -> (artifact id: '1280e55e85db4e16c575c5910a7b3a03') in 0.008973 seconds 
========================================================================
Received Prepare
Registering precompiled user dll's ...
Registered in 0.003681 seconds.
Begin MonoManager ReloadAssembly
Symbol file LoadedFromMemory doesn't match image C:\Users\lumij\Documents\Segundo_Prg\AutoBattle_Motores\AutobattleV2\Library\PackageCache\com.unity.visualscripting@1.8.0\Editor\VisualScripting.Core\Dependencies\YamlDotNet\Unity.VisualScripting.YamlDotNet.dll
Symbol file LoadedFromMemory doesn't match image C:\Users\lumij\Documents\Segundo_Prg\AutoBattle_Motores\AutobattleV2\Library\PackageCache\com.unity.visualscripting@1.8.0\Editor\VisualScripting.Core\Dependencies\DotNetZip\Unity.VisualScripting.IonicZip.dll
Native extension for WindowsStandalone target not found
Refreshing native plugins compatible for Editor in 0.33 ms, found 3 plugins.
Preloading 0 native plugins for Editor in 0.00 ms.
Mono: successfully reloaded assembly
- Completed reload, in  0.552 seconds
Domain Reload Profiling:
	ReloadAssembly (552ms)
		BeginReloadAssembly (81ms)
			ExecutionOrderSort (0ms)
			DisableScriptedObjects (3ms)
			BackupInstance (0ms)
			ReleaseScriptingObjects (0ms)
			CreateAndSetChildDomain (20ms)
		EndReloadAssembly (415ms)
			LoadAssemblies (49ms)
			RebuildTransferFunctionScriptingTraits (0ms)
			SetupTypeCache (146ms)
			ReleaseScriptCaches (1ms)
			RebuildScriptCaches (23ms)
			SetupLoadedEditorAssemblies (174ms)
				LogAssemblyErrors (0ms)
				InitializePlatformSupportModulesInManaged (9ms)
				SetLoadedEditorAssemblies (0ms)
				RefreshPlugins (0ms)
				BeforeProcessingInitializeOnLoad (37ms)
				ProcessInitializeOnLoadAttributes (113ms)
				ProcessInitializeOnLoadMethodAttributes (11ms)
				AfterProcessingInitializeOnLoad (5ms)
				EditorAssembliesLoaded (0ms)
			ExecutionOrderSort2 (0ms)
			AwakeInstancesAfterBackupRestoration (3ms)
Platform modules already initialized, skipping
Refreshing native plugins compatible for Editor in 1.26 ms, found 3 plugins.
Preloading 0 native plugins for Editor in 0.00 ms.
Unloading 3047 Unused Serialized files (Serialized files now loaded: 0)
Unloading 17 unused Assets / (79.9 KB). Loaded Objects now: 3527.
Memory consumption went from 107.5 MB to 107.4 MB.
Total: 1.679800 ms (FindLiveObjects: 0.137200 ms CreateObjectMapping: 0.038400 ms MarkObjects: 1.449500 ms  DeleteObjects: 0.054200 ms)

AssetImportParameters requested are different than current active one (requested -> active):
  custom:video-decoder-ogg-theora: a1e56fd34408186e4bbccfd4996cb3dc -> 
  custom:container-muxer-webm: aa71ff27fc2769a1b78a27578f13a17b -> 
  custom:container-demuxer-webm: 4f35f7cbe854078d1ac9338744f61a02 -> 
  custom:video-encoder-webm-vp8: eb34c28f22e8b96e1ab97ce403110664 -> 
  custom:video-codec-MediaFoundation-h265: 746d11721c4dcdbdad8f713fa42b33f4 -> 
  custom:audio-encoder-webm-vorbis: bf7c407c2cedff20999df2af8eb42d56 -> 
  custom:framework-win-MediaFoundation: 216162199b28c13a410421893ffa2e32 -> 
  custom:container-demuxer-ogg: 62fdf1f143b41e24485cea50d1cbac27 -> 
  custom:video-decoder-webm-vp8: 9c59270c3fd7afecdb556c50c9e8de78 -> 
  custom:audio-decoder-ogg-vorbis: bf7c407c2cedff20999df2af8eb42d56 -> 
========================================================================
Received Import Request.
  Time since last request: 9.411584 seconds.
  path: Assets/Character
  artifactKey: Guid(3ef209145aca8f346bcfccf34e4eda56) Importer(815301076,1909f56bfc062723c751e8b465ee728b)
Start importing Assets/Character using Guid(3ef209145aca8f346bcfccf34e4eda56) Importer(815301076,1909f56bfc062723c751e8b465ee728b)  -> (artifact id: '24727fc4d635a2ddd907fa9b14f832bc') in 0.013043 seconds 
========================================================================
Received Import Request.
  Time since last request: 10.723701 seconds.
  path: Assets/Character/Character.cs
  artifactKey: Guid(da058da7b5b8f6a4089972014e1fd1be) Importer(815301076,1909f56bfc062723c751e8b465ee728b)
Start importing Assets/Character/Character.cs using Guid(da058da7b5b8f6a4089972014e1fd1be) Importer(815301076,1909f56bfc062723c751e8b465ee728b)  -> (artifact id: '4e56df47f3ed2424aab1c0a291c3f3cb') in 0.002017 seconds 
========================================================================
Received Prepare
Registering precompiled user dll's ...
Registered in 0.003692 seconds.
Begin MonoManager ReloadAssembly
Symbol file LoadedFromMemory doesn't match image C:\Users\lumij\Documents\Segundo_Prg\AutoBattle_Motores\AutobattleV2\Library\PackageCache\com.unity.visualscripting@1.8.0\Editor\VisualScripting.Core\Dependencies\YamlDotNet\Unity.VisualScripting.YamlDotNet.dll
Symbol file LoadedFromMemory doesn't match image C:\Users\lumij\Documents\Segundo_Prg\AutoBattle_Motores\AutobattleV2\Library\PackageCache\com.unity.visualscripting@1.8.0\Editor\VisualScripting.Core\Dependencies\DotNetZip\Unity.VisualScripting.IonicZip.dll
Native extension for WindowsStandalone target not found
Refreshing native plugins compatible for Editor in 0.32 ms, found 3 plugins.
Preloading 0 native plugins for Editor in 0.00 ms.
Mono: successfully reloaded assembly
- Completed reload, in  0.544 seconds
Domain Reload Profiling:
	ReloadAssembly (545ms)
		BeginReloadAssembly (81ms)
			ExecutionOrderSort (0ms)
			DisableScriptedObjects (3ms)
			BackupInstance (0ms)
			ReleaseScriptingObjects (0ms)
			CreateAndSetChildDomain (19ms)
		EndReloadAssembly (405ms)
			LoadAssemblies (50ms)
			RebuildTransferFunctionScriptingTraits (0ms)
			SetupTypeCache (136ms)
			ReleaseScriptCaches (1ms)
			RebuildScriptCaches (22ms)
			SetupLoadedEditorAssemblies (174ms)
				LogAssemblyErrors (0ms)
				InitializePlatformSupportModulesInManaged (8ms)
				SetLoadedEditorAssemblies (0ms)
				RefreshPlugins (0ms)
				BeforeProcessingInitializeOnLoad (35ms)
				ProcessInitializeOnLoadAttributes (114ms)
				ProcessInitializeOnLoadMethodAttributes (11ms)
				AfterProcessingInitializeOnLoad (6ms)
				EditorAssembliesLoaded (0ms)
			ExecutionOrderSort2 (0ms)
			AwakeInstancesAfterBackupRestoration (4ms)
Platform modules already initialized, skipping
Refreshing native plugins compatible for Editor in 0.92 ms, found 3 plugins.
Preloading 0 native plugins for Editor in 0.00 ms.
Unloading 3048 Unused Serialized files (Serialized files now loaded: 0)
Unloading 17 unused Assets / (79.8 KB). Loaded Objects now: 3531.
Memory consumption went from 107.5 MB to 107.4 MB.
Total: 1.947800 ms (FindLiveObjects: 0.131900 ms CreateObjectMapping: 0.037500 ms MarkObjects: 1.714400 ms  DeleteObjects: 0.063300 ms)

AssetImportParameters requested are different than current active one (requested -> active):
  custom:video-decoder-ogg-theora: a1e56fd34408186e4bbccfd4996cb3dc -> 
  custom:container-muxer-webm: aa71ff27fc2769a1b78a27578f13a17b -> 
  custom:container-demuxer-webm: 4f35f7cbe854078d1ac9338744f61a02 -> 
  custom:video-encoder-webm-vp8: eb34c28f22e8b96e1ab97ce403110664 -> 
  custom:video-codec-MediaFoundation-h265: 746d11721c4dcdbdad8f713fa42b33f4 -> 
  custom:audio-encoder-webm-vorbis: bf7c407c2cedff20999df2af8eb42d56 -> 
  custom:framework-win-MediaFoundation: 216162199b28c13a410421893ffa2e32 -> 
  custom:container-demuxer-ogg: 62fdf1f143b41e24485cea50d1cbac27 -> 
  custom:video-decoder-webm-vp8: 9c59270c3fd7afecdb556c50c9e8de78 -> 
  custom:audio-decoder-ogg-vorbis: bf7c407c2cedff20999df2af8eb42d56 -> 
========================================================================
Received Import Request.
  Time since last request: 12.350314 seconds.
  path: Assets/Character/DamageType.cs
  artifactKey: Guid(34cc32bda42bc0449952a767e90be5b4) Importer(815301076,1909f56bfc062723c751e8b465ee728b)
Start importing Assets/Character/DamageType.cs using Guid(34cc32bda42bc0449952a767e90be5b4) Importer(815301076,1909f56bfc062723c751e8b465ee728b)  -> (artifact id: 'e5121708ad4acbb8be9b58611b7319ef') in 0.011111 seconds 
========================================================================
Received Prepare
Registering precompiled user dll's ...
Registered in 0.002887 seconds.
Begin MonoManager ReloadAssembly
Symbol file LoadedFromMemory doesn't match image C:\Users\lumij\Documents\Segundo_Prg\AutoBattle_Motores\AutobattleV2\Library\PackageCache\com.unity.visualscripting@1.8.0\Editor\VisualScripting.Core\Dependencies\YamlDotNet\Unity.VisualScripting.YamlDotNet.dll
Symbol file LoadedFromMemory doesn't match image C:\Users\lumij\Documents\Segundo_Prg\AutoBattle_Motores\AutobattleV2\Library\PackageCache\com.unity.visualscripting@1.8.0\Editor\VisualScripting.Core\Dependencies\DotNetZip\Unity.VisualScripting.IonicZip.dll
Native extension for WindowsStandalone target not found
Refreshing native plugins compatible for Editor in 0.38 ms, found 3 plugins.
Preloading 0 native plugins for Editor in 0.00 ms.
Mono: successfully reloaded assembly
- Completed reload, in  0.544 seconds
Domain Reload Profiling:
	ReloadAssembly (545ms)
		BeginReloadAssembly (78ms)
			ExecutionOrderSort (0ms)
			DisableScriptedObjects (3ms)
			BackupInstance (0ms)
			ReleaseScriptingObjects (0ms)
			CreateAndSetChildDomain (19ms)
		EndReloadAssembly (412ms)
			LoadAssemblies (49ms)
			RebuildTransferFunctionScriptingTraits (0ms)
			SetupTypeCache (139ms)
			ReleaseScriptCaches (1ms)
			RebuildScriptCaches (23ms)
			SetupLoadedEditorAssemblies (175ms)
				LogAssemblyErrors (0ms)
				InitializePlatformSupportModulesInManaged (8ms)
				SetLoadedEditorAssemblies (0ms)
				RefreshPlugins (0ms)
				BeforeProcessingInitializeOnLoad (36ms)
				ProcessInitializeOnLoadAttributes (112ms)
				ProcessInitializeOnLoadMethodAttributes (11ms)
				AfterProcessingInitializeOnLoad (6ms)
				EditorAssembliesLoaded (0ms)
			ExecutionOrderSort2 (0ms)
			AwakeInstancesAfterBackupRestoration (4ms)
Platform modules already initialized, skipping
Refreshing native plugins compatible for Editor in 1.02 ms, found 3 plugins.
Preloading 0 native plugins for Editor in 0.00 ms.
Unloading 3049 Unused Serialized files (Serialized files now loaded: 0)
Unloading 17 unused Assets / (79.9 KB). Loaded Objects now: 3535.
Memory consumption went from 107.5 MB to 107.5 MB.
Total: 1.710900 ms (FindLiveObjects: 0.136100 ms CreateObjectMapping: 0.048000 ms MarkObjects: 1.443800 ms  DeleteObjects: 0.082100 ms)

AssetImportParameters requested are different than current active one (requested -> active):
  custom:video-decoder-ogg-theora: a1e56fd34408186e4bbccfd4996cb3dc -> 
  custom:container-muxer-webm: aa71ff27fc2769a1b78a27578f13a17b -> 
  custom:container-demuxer-webm: 4f35f7cbe854078d1ac9338744f61a02 -> 
  custom:video-encoder-webm-vp8: eb34c28f22e8b96e1ab97ce403110664 -> 
  custom:video-codec-MediaFoundation-h265: 746d11721c4dcdbdad8f713fa42b33f4 -> 
  custom:audio-encoder-webm-vorbis: bf7c407c2cedff20999df2af8eb42d56 -> 
  custom:framework-win-MediaFoundation: 216162199b28c13a410421893ffa2e32 -> 
  custom:container-demuxer-ogg: 62fdf1f143b41e24485cea50d1cbac27 -> 
  custom:video-decoder-webm-vp8: 9c59270c3fd7afecdb556c50c9e8de78 -> 
  custom:audio-decoder-ogg-vorbis: bf7c407c2cedff20999df2af8eb42d56 -> 
========================================================================
Received Import Request.
  Time since last request: 428.914707 seconds.
  path: Assets/Character/DamageType.cs
  artifactKey: Guid(34cc32bda42bc0449952a767e90be5b4) Importer(815301076,1909f56bfc062723c751e8b465ee728b)
Start importing Assets/Character/DamageType.cs using Guid(34cc32bda42bc0449952a767e90be5b4) Importer(815301076,1909f56bfc062723c751e8b465ee728b)  -> (artifact id: '69e98fb8fe31ec7079eb43bda3f4c47b') in 0.008130 seconds 
========================================================================
Received Import Request.
  Time since last request: 83.655239 seconds.
  path: Assets/Character/CharacterControler.cs
  artifactKey: Guid(c671346aec44671498b0d004f30cb323) Importer(815301076,1909f56bfc062723c751e8b465ee728b)
Start importing Assets/Character/CharacterControler.cs using Guid(c671346aec44671498b0d004f30cb323) Importer(815301076,1909f56bfc062723c751e8b465ee728b)  -> (artifact id: '33d81e0ed0639cfc45c4e39c220880c7') in 0.001925 seconds 
========================================================================
Received Import Request.
  Time since last request: 49.569271 seconds.
  path: Assets/Character/CharacterControler.cs
  artifactKey: Guid(c671346aec44671498b0d004f30cb323) Importer(815301076,1909f56bfc062723c751e8b465ee728b)
Start importing Assets/Character/CharacterControler.cs using Guid(c671346aec44671498b0d004f30cb323) Importer(815301076,1909f56bfc062723c751e8b465ee728b)  -> (artifact id: '98a184f48aba77bd9706a32354c5857c') in 0.002243 seconds 
========================================================================
Received Import Request.
  Time since last request: 927.299049 seconds.
  path: Assets/Character/CharacterControler.cs
  artifactKey: Guid(c671346aec44671498b0d004f30cb323) Importer(815301076,1909f56bfc062723c751e8b465ee728b)
Start importing Assets/Character/CharacterControler.cs using Guid(c671346aec44671498b0d004f30cb323) Importer(815301076,1909f56bfc062723c751e8b465ee728b)  -> (artifact id: '8df1db5fd3cde23545ddbed6d36dec77') in 0.003888 seconds 
========================================================================
Received Import Request.
  Time since last request: 21.017122 seconds.
  path: Assets/Character/CharacterControler.cs
  artifactKey: Guid(c671346aec44671498b0d004f30cb323) Importer(815301076,1909f56bfc062723c751e8b465ee728b)
Start importing Assets/Character/CharacterControler.cs using Guid(c671346aec44671498b0d004f30cb323) Importer(815301076,1909f56bfc062723c751e8b465ee728b)  -> (artifact id: 'ab96123b51d594c893e345a41ea7470a') in 0.001953 seconds 
========================================================================
Received Import Request.
  Time since last request: 535.991280 seconds.
  path: Assets/FrameWork/MainScript.cs
  artifactKey: Guid(93c8cabb7dc38fb48b9b91a1282eac70) Importer(815301076,1909f56bfc062723c751e8b465ee728b)
Start importing Assets/FrameWork/MainScript.cs using Guid(93c8cabb7dc38fb48b9b91a1282eac70) Importer(815301076,1909f56bfc062723c751e8b465ee728b)  -> (artifact id: '89300513ce3c7fa740ee92da5274fd4d') in 0.005273 seconds 
========================================================================
Received Import Request.
  Time since last request: 397.941976 seconds.
  path: Assets/FrameWork/MainScript.cs
  artifactKey: Guid(93c8cabb7dc38fb48b9b91a1282eac70) Importer(815301076,1909f56bfc062723c751e8b465ee728b)
Start importing Assets/FrameWork/MainScript.cs using Guid(93c8cabb7dc38fb48b9b91a1282eac70) Importer(815301076,1909f56bfc062723c751e8b465ee728b)  -> (artifact id: '6bedd61d84de079251f5386284e31ac2') in 0.002500 seconds 
========================================================================
Received Import Request.
  Time since last request: 711.301682 seconds.
  path: Assets/FrameWork/MainScript.cs
  artifactKey: Guid(93c8cabb7dc38fb48b9b91a1282eac70) Importer(815301076,1909f56bfc062723c751e8b465ee728b)
Start importing Assets/FrameWork/MainScript.cs using Guid(93c8cabb7dc38fb48b9b91a1282eac70) Importer(815301076,1909f56bfc062723c751e8b465ee728b)  -> (artifact id: 'bfb62fac475135a82bde39b73fd09be3') in 0.012570 seconds 
========================================================================
Received Import Request.
  Time since last request: 213.299046 seconds.
  path: Assets/FrameWork/MainScript.cs
  artifactKey: Guid(93c8cabb7dc38fb48b9b91a1282eac70) Importer(815301076,1909f56bfc062723c751e8b465ee728b)
Start importing Assets/FrameWork/MainScript.cs using Guid(93c8cabb7dc38fb48b9b91a1282eac70) Importer(815301076,1909f56bfc062723c751e8b465ee728b)  -> (artifact id: '3ff117c6a6eba7a1884a2c3578ef354e') in 0.002632 seconds 
========================================================================
Received Import Request.
  Time since last request: 13.335002 seconds.
  path: Assets/FrameWork/BoardController.cs
  artifactKey: Guid(8036db0b9a36b144a9496a4b82b42393) Importer(815301076,1909f56bfc062723c751e8b465ee728b)
Start importing Assets/FrameWork/BoardController.cs using Guid(8036db0b9a36b144a9496a4b82b42393) Importer(815301076,1909f56bfc062723c751e8b465ee728b)  -> (artifact id: '365ca294feac84b65786a78d21976cc0') in 0.007577 seconds 
========================================================================
Received Import Request.
  Time since last request: 2390.244625 seconds.
  path: Assets/FrameWork/BoardController.cs
  artifactKey: Guid(8036db0b9a36b144a9496a4b82b42393) Importer(815301076,1909f56bfc062723c751e8b465ee728b)
Start importing Assets/FrameWork/BoardController.cs using Guid(8036db0b9a36b144a9496a4b82b42393) Importer(815301076,1909f56bfc062723c751e8b465ee728b)  -> (artifact id: '66110bab346d1bb7585c83a5a4a2e77a') in 0.003046 seconds 
========================================================================
Received Import Request.
  Time since last request: 9524.717393 seconds.
  path: Assets/Inventory/Weapon.cs
  artifactKey: Guid(20d9198715bf48549a2135d627806a56) Importer(815301076,1909f56bfc062723c751e8b465ee728b)
Start importing Assets/Inventory/Weapon.cs using Guid(20d9198715bf48549a2135d627806a56) Importer(815301076,1909f56bfc062723c751e8b465ee728b)  -> (artifact id: '9e40d0a3dd0e0bc23870d7dd48e4d344') in 0.009763 seconds 
========================================================================
Received Import Request.
  Time since last request: 111.059736 seconds.
  path: Assets/Inventory/Inventory.cs
  artifactKey: Guid(649b487b2948ed243a58c4c5f31f23dd) Importer(815301076,1909f56bfc062723c751e8b465ee728b)
Start importing Assets/Inventory/Inventory.cs using Guid(649b487b2948ed243a58c4c5f31f23dd) Importer(815301076,1909f56bfc062723c751e8b465ee728b)  -> (artifact id: 'e200c13c0d548f592a42b29f733d255e') in 0.005317 seconds 
========================================================================
Received Import Request.
  Time since last request: 452.322743 seconds.
  path: Assets/Inventory/Inventory.cs
  artifactKey: Guid(649b487b2948ed243a58c4c5f31f23dd) Importer(815301076,1909f56bfc062723c751e8b465ee728b)
Start importing Assets/Inventory/Inventory.cs using Guid(649b487b2948ed243a58c4c5f31f23dd) Importer(815301076,1909f56bfc062723c751e8b465ee728b)  -> (artifact id: '2143e42903c5e83d21f2a6902dcd7092') in 0.006610 seconds 
========================================================================
Received Import Request.
  Time since last request: 470.111706 seconds.
  path: Assets/FrameWork/MainScript.cs
  artifactKey: Guid(93c8cabb7dc38fb48b9b91a1282eac70) Importer(815301076,1909f56bfc062723c751e8b465ee728b)
Start importing Assets/FrameWork/MainScript.cs using Guid(93c8cabb7dc38fb48b9b91a1282eac70) Importer(815301076,1909f56bfc062723c751e8b465ee728b)  -> (artifact id: '3f85a05b49bb2bf504156ab43b63b98f') in 0.006442 seconds 
========================================================================
Received Import Request.
  Time since last request: 136.083974 seconds.
  path: Assets/FrameWork/BoardController.cs
  artifactKey: Guid(8036db0b9a36b144a9496a4b82b42393) Importer(815301076,1909f56bfc062723c751e8b465ee728b)
Start importing Assets/FrameWork/BoardController.cs using Guid(8036db0b9a36b144a9496a4b82b42393) Importer(815301076,1909f56bfc062723c751e8b465ee728b)  -> (artifact id: '534de0498106174277fe509ca30c204f') in 0.006604 seconds 
========================================================================
Received Import Request.
  Time since last request: 622.548432 seconds.
  path: Assets/Character/DamageType.cs
  artifactKey: Guid(34cc32bda42bc0449952a767e90be5b4) Importer(815301076,1909f56bfc062723c751e8b465ee728b)
Start importing Assets/Character/DamageType.cs using Guid(34cc32bda42bc0449952a767e90be5b4) Importer(815301076,1909f56bfc062723c751e8b465ee728b)  -> (artifact id: '47472360de72a39471b28d88a42565dd') in 0.002132 seconds 
========================================================================
Received Import Request.
  Time since last request: 604.051922 seconds.
  path: Assets/Character/DamageType.cs
  artifactKey: Guid(34cc32bda42bc0449952a767e90be5b4) Importer(815301076,1909f56bfc062723c751e8b465ee728b)
Start importing Assets/Character/DamageType.cs using Guid(34cc32bda42bc0449952a767e90be5b4) Importer(815301076,1909f56bfc062723c751e8b465ee728b)  -> (artifact id: '7bbb0ae796b89206f9d63db886281122') in 0.002980 seconds 
